[debug] [2018-05-09T15:23:53.283Z] ----------------------------------------------------------------------
[debug] [2018-05-09T15:23:53.285Z] Command:       /home/top/.nvm/versions/node/v8.10.0/bin/node /home/top/.nvm/versions/node/v8.10.0/bin/firebase serve
[debug] [2018-05-09T15:23:53.285Z] CLI Version:   3.18.4
[debug] [2018-05-09T15:23:53.285Z] Platform:      linux
[debug] [2018-05-09T15:23:53.285Z] Node Version:  v8.10.0
[debug] [2018-05-09T15:23:53.285Z] Time:          Wed May 09 2018 18:23:53 GMT+0300 (EEST)
[debug] [2018-05-09T15:23:53.285Z] ----------------------------------------------------------------------
[debug] 
[debug] [2018-05-09T15:23:53.292Z] > command requires scopes: ["email","openid","https://www.googleapis.com/auth/cloudplatformprojects.readonly","https://www.googleapis.com/auth/firebase","https://www.googleapis.com/auth/cloud-platform"]
[debug] [2018-05-09T15:23:53.292Z] > authorizing via signed-in user
[debug] [2018-05-09T15:23:53.293Z] >>> HTTP REQUEST GET https://admin.firebase.com/v1/projects/team-9-14ca3  
  
 Wed May 09 2018 18:23:53 GMT+0300 (EEST)
[debug] [2018-05-09T15:23:54.071Z] <<< HTTP RESPONSE 200
[debug] [2018-05-09T15:23:54.073Z] >>> HTTP REQUEST GET https://admin.firebase.com/v1/database/team-9-14ca3/tokens  
  
 Wed May 09 2018 18:23:54 GMT+0300 (EEST)
[debug] [2018-05-09T15:23:54.686Z] <<< HTTP RESPONSE 200
[debug] [2018-05-09T15:23:54.688Z] >>> HTTP REQUEST GET https://cloudresourcemanager.googleapis.com/v1/projects/team-9-14ca3  
  
 Wed May 09 2018 18:23:54 GMT+0300 (EEST)
[debug] [2018-05-09T15:23:55.564Z] <<< HTTP RESPONSE 200
[info] 
[info] === Serving from '/home/top/Team9'...
[info] 
[debug] [2018-05-09T15:23:55.570Z] >>> HTTP REQUEST GET https://mobilesdk-pa.googleapis.com/v1/projects/405041512389/clients/_:getWebAppConfig  
  
 Wed May 09 2018 18:23:55 GMT+0300 (EEST)
[debug] [2018-05-09T15:23:56.350Z] <<< HTTP RESPONSE 200
[info] i  hosting: Serving hosting files from: public
[info] ✔  hosting: Local server: http://localhost:5000

[debug] [2018-05-10T11:02:55.647Z] ----------------------------------------------------------------------
[debug] [2018-05-10T11:02:55.649Z] Command:       /home/top/.nvm/versions/node/v8.10.0/bin/node /home/top/.nvm/versions/node/v8.10.0/bin/firebase serve
[debug] [2018-05-10T11:02:55.649Z] CLI Version:   3.18.4
[debug] [2018-05-10T11:02:55.649Z] Platform:      linux
[debug] [2018-05-10T11:02:55.649Z] Node Version:  v8.10.0
[debug] [2018-05-10T11:02:55.649Z] Time:          Thu May 10 2018 14:02:55 GMT+0300 (EEST)
[debug] [2018-05-10T11:02:55.649Z] ----------------------------------------------------------------------
[debug] 
[debug] [2018-05-10T11:02:55.688Z] > command requires scopes: ["email","openid","https://www.googleapis.com/auth/cloudplatformprojects.readonly","https://www.googleapis.com/auth/firebase","https://www.googleapis.com/auth/cloud-platform"]
[debug] [2018-05-10T11:02:55.688Z] > authorizing via signed-in user
[debug] [2018-05-10T11:02:55.690Z] > refreshing access token with scopes: ["email","https://www.googleapis.com/auth/cloud-platform","https://www.googleapis.com/auth/cloudplatformprojects.readonly","https://www.googleapis.com/auth/firebase","openid"]
[debug] [2018-05-10T11:02:55.690Z] >>> HTTP REQUEST POST https://www.googleapis.com/oauth2/v3/token  
 { refresh_token: '1/gMzjdgl20HoFHOWM0Eif_XV2BWj0bf4fMCb2Gk0Dvck',
  client_id: '563584335869-fgrhgmd47bqnekij5i8b5pr03ho849e6.apps.googleusercontent.com',
  client_secret: 'j9iVZfS8kkCEFUPaAeJV0sAi',
  grant_type: 'refresh_token',
  scope: 'email https://www.googleapis.com/auth/cloud-platform https://www.googleapis.com/auth/cloudplatformprojects.readonly https://www.googleapis.com/auth/firebase openid' } 
 Thu May 10 2018 14:02:55 GMT+0300 (EEST)
[debug] [2018-05-10T11:02:56.588Z] <<< HTTP RESPONSE 200
[debug] [2018-05-10T11:02:56.628Z] >>> HTTP REQUEST GET https://admin.firebase.com/v1/projects/team-9-14ca3  
  
 Thu May 10 2018 14:02:56 GMT+0300 (EEST)
[debug] [2018-05-10T11:02:57.669Z] <<< HTTP RESPONSE 200
[debug] [2018-05-10T11:02:57.670Z] >>> HTTP REQUEST GET https://admin.firebase.com/v1/database/team-9-14ca3/tokens  
  
 Thu May 10 2018 14:02:57 GMT+0300 (EEST)
[debug] [2018-05-10T11:02:58.522Z] <<< HTTP RESPONSE 200
[debug] [2018-05-10T11:02:58.524Z] >>> HTTP REQUEST GET https://cloudresourcemanager.googleapis.com/v1/projects/team-9-14ca3  
  
 Thu May 10 2018 14:02:58 GMT+0300 (EEST)
[debug] [2018-05-10T11:02:59.631Z] <<< HTTP RESPONSE 200
[info] 
[info] === Serving from '/home/top/Team9'...
[info] 
[debug] [2018-05-10T11:02:59.635Z] >>> HTTP REQUEST GET https://mobilesdk-pa.googleapis.com/v1/projects/405041512389/clients/_:getWebAppConfig  
  
 Thu May 10 2018 14:02:59 GMT+0300 (EEST)
[debug] [2018-05-10T11:03:00.736Z] <<< HTTP RESPONSE 200
[info] i  hosting: Serving hosting files from: public
[info] ✔  hosting: Local server: http://localhost:5000

